This is XeTeX, Version 3.141592653-2.6-0.999993 (TeX Live 2022/dev/Debian) (preloaded format=xelatex)
 restricted \write18 enabled.
entering extended mode
(./main.tex
LaTeX2e <2021-11-15> patch level 1
L3 programming layer <2022-01-21> (./friggeri-cv.cls
Document Class: friggeri-cv 2012/04/30 CV class
(/usr/share/texlive/texmf-dist/tex/latex/base/article.cls
Document Class: article 2021/10/04 v1.4n Standard LaTeX document class
(/usr/share/texlive/texmf-dist/tex/latex/base/size10.clo))
(/usr/share/texlive/texmf-dist/tex/latex/xcolor/xcolor.sty
(/usr/share/texlive/texmf-dist/tex/latex/graphics-cfg/color.cfg)
(/usr/share/texlive/texmf-dist/tex/latex/graphics-def/xetex.def))
(/usr/share/texlive/texmf-dist/tex/latex/fontspec/fontspec.sty
(/usr/share/texlive/texmf-dist/tex/latex/l3packages/xparse/xparse.sty
(/usr/share/texlive/texmf-dist/tex/latex/l3kernel/expl3.sty
(/usr/share/texlive/texmf-dist/tex/latex/l3backend/l3backend-xetex.def
(|extractbb --version))))
(/usr/share/texlive/texmf-dist/tex/latex/fontspec/fontspec-xetex.sty
(/usr/share/texlive/texmf-dist/tex/latex/base/fontenc.sty)
(/usr/share/texlive/texmf-dist/tex/latex/fontspec/fontspec.cfg)))
(/usr/share/texlive/texmf-dist/tex/latex/unicode-math/unicode-math.sty
(/usr/share/texlive/texmf-dist/tex/latex/unicode-math/unicode-math-xetex.sty
(/usr/share/texlive/texmf-dist/tex/latex/l3packages/l3keys2e/l3keys2e.sty)
(/usr/share/texlive/texmf-dist/tex/latex/base/fix-cm.sty
(/usr/share/texlive/texmf-dist/tex/latex/base/ts1enc.def))
(/usr/share/texlive/texmf-dist/tex/latex/amsmath/amsmath.sty
For additional information on amsmath, use the `?' option.
(/usr/share/texlive/texmf-dist/tex/latex/amsmath/amstext.sty
(/usr/share/texlive/texmf-dist/tex/latex/amsmath/amsgen.sty))
(/usr/share/texlive/texmf-dist/tex/latex/amsmath/amsbsy.sty)
(/usr/share/texlive/texmf-dist/tex/latex/amsmath/amsopn.sty))
(/usr/share/texlive/texmf-dist/tex/latex/unicode-math/unicode-math-table.tex)))
(/usr/share/texlive/texmf-dist/tex/latex/setspace/setspace.sty)
(/usr/share/texlive/texmf-dist/tex/latex/pgf/frontendlayer/tikz.sty
(/usr/share/texlive/texmf-dist/tex/latex/pgf/basiclayer/pgf.sty
(/usr/share/texlive/texmf-dist/tex/latex/pgf/utilities/pgfrcs.sty
(/usr/share/texlive/texmf-dist/tex/generic/pgf/utilities/pgfutil-common.tex
(/usr/share/texlive/texmf-dist/tex/generic/pgf/utilities/pgfutil-common-lists.t
ex)) (/usr/share/texlive/texmf-dist/tex/generic/pgf/utilities/pgfutil-latex.def
) (/usr/share/texlive/texmf-dist/tex/generic/pgf/utilities/pgfrcs.code.tex
(/usr/share/texlive/texmf-dist/tex/generic/pgf/pgf.revision.tex)))
(/usr/share/texlive/texmf-dist/tex/latex/pgf/basiclayer/pgfcore.sty
(/usr/share/texlive/texmf-dist/tex/latex/graphics/graphicx.sty
(/usr/share/texlive/texmf-dist/tex/latex/graphics/keyval.sty)
(/usr/share/texlive/texmf-dist/tex/latex/graphics/graphics.sty
(/usr/share/texlive/texmf-dist/tex/latex/graphics/trig.sty)
(/usr/share/texlive/texmf-dist/tex/latex/graphics-cfg/graphics.cfg)))
(/usr/share/texlive/texmf-dist/tex/latex/pgf/systemlayer/pgfsys.sty
(/usr/share/texlive/texmf-dist/tex/generic/pgf/systemlayer/pgfsys.code.tex
(/usr/share/texlive/texmf-dist/tex/generic/pgf/utilities/pgfkeys.code.tex
(/usr/share/texlive/texmf-dist/tex/generic/pgf/utilities/pgfkeysfiltered.code.t
ex)) (/usr/share/texlive/texmf-dist/tex/generic/pgf/systemlayer/pgf.cfg)
(/usr/share/texlive/texmf-dist/tex/generic/pgf/systemlayer/pgfsys-xetex.def
(/usr/share/texlive/texmf-dist/tex/generic/pgf/systemlayer/pgfsys-dvipdfmx.def
(/usr/share/texlive/texmf-dist/tex/generic/pgf/systemlayer/pgfsys-common-pdf.de
f))))
(/usr/share/texlive/texmf-dist/tex/generic/pgf/systemlayer/pgfsyssoftpath.code.
tex)
(/usr/share/texlive/texmf-dist/tex/generic/pgf/systemlayer/pgfsysprotocol.code.
tex))
(/usr/share/texlive/texmf-dist/tex/generic/pgf/basiclayer/pgfcore.code.tex
(/usr/share/texlive/texmf-dist/tex/generic/pgf/math/pgfmath.code.tex
(/usr/share/texlive/texmf-dist/tex/generic/pgf/math/pgfmathcalc.code.tex
(/usr/share/texlive/texmf-dist/tex/generic/pgf/math/pgfmathutil.code.tex)
(/usr/share/texlive/texmf-dist/tex/generic/pgf/math/pgfmathparser.code.tex)
(/usr/share/texlive/texmf-dist/tex/generic/pgf/math/pgfmathfunctions.code.tex
(/usr/share/texlive/texmf-dist/tex/generic/pgf/math/pgfmathfunctions.basic.code
.tex)
(/usr/share/texlive/texmf-dist/tex/generic/pgf/math/pgfmathfunctions.trigonomet
ric.code.tex)
(/usr/share/texlive/texmf-dist/tex/generic/pgf/math/pgfmathfunctions.random.cod
e.tex)
(/usr/share/texlive/texmf-dist/tex/generic/pgf/math/pgfmathfunctions.comparison
.code.tex)
(/usr/share/texlive/texmf-dist/tex/generic/pgf/math/pgfmathfunctions.base.code.
tex)
(/usr/share/texlive/texmf-dist/tex/generic/pgf/math/pgfmathfunctions.round.code
.tex)
(/usr/share/texlive/texmf-dist/tex/generic/pgf/math/pgfmathfunctions.misc.code.
tex)
(/usr/share/texlive/texmf-dist/tex/generic/pgf/math/pgfmathfunctions.integerari
thmetics.code.tex)))
(/usr/share/texlive/texmf-dist/tex/generic/pgf/math/pgfmathfloat.code.tex))
(/usr/share/texlive/texmf-dist/tex/generic/pgf/math/pgfint.code.tex)
(/usr/share/texlive/texmf-dist/tex/generic/pgf/basiclayer/pgfcorepoints.code.te
x)
(/usr/share/texlive/texmf-dist/tex/generic/pgf/basiclayer/pgfcorepathconstruct.
code.tex)
(/usr/share/texlive/texmf-dist/tex/generic/pgf/basiclayer/pgfcorepathusage.code
.tex)
(/usr/share/texlive/texmf-dist/tex/generic/pgf/basiclayer/pgfcorescopes.code.te
x)
(/usr/share/texlive/texmf-dist/tex/generic/pgf/basiclayer/pgfcoregraphicstate.c
ode.tex)
(/usr/share/texlive/texmf-dist/tex/generic/pgf/basiclayer/pgfcoretransformation
s.code.tex)
(/usr/share/texlive/texmf-dist/tex/generic/pgf/basiclayer/pgfcorequick.code.tex
)
(/usr/share/texlive/texmf-dist/tex/generic/pgf/basiclayer/pgfcoreobjects.code.t
ex)
(/usr/share/texlive/texmf-dist/tex/generic/pgf/basiclayer/pgfcorepathprocessing
.code.tex)
(/usr/share/texlive/texmf-dist/tex/generic/pgf/basiclayer/pgfcorearrows.code.te
x)
(/usr/share/texlive/texmf-dist/tex/generic/pgf/basiclayer/pgfcoreshade.code.tex
)
(/usr/share/texlive/texmf-dist/tex/generic/pgf/basiclayer/pgfcoreimage.code.tex

(/usr/share/texlive/texmf-dist/tex/generic/pgf/basiclayer/pgfcoreexternal.code.
tex))
(/usr/share/texlive/texmf-dist/tex/generic/pgf/basiclayer/pgfcorelayers.code.te
x)
(/usr/share/texlive/texmf-dist/tex/generic/pgf/basiclayer/pgfcoretransparency.c
ode.tex)
(/usr/share/texlive/texmf-dist/tex/generic/pgf/basiclayer/pgfcorepatterns.code.
tex)
(/usr/share/texlive/texmf-dist/tex/generic/pgf/basiclayer/pgfcorerdf.code.tex))
)
(/usr/share/texlive/texmf-dist/tex/generic/pgf/modules/pgfmoduleshapes.code.tex
) (/usr/share/texlive/texmf-dist/tex/generic/pgf/modules/pgfmoduleplot.code.tex
)
(/usr/share/texlive/texmf-dist/tex/latex/pgf/compatibility/pgfcomp-version-0-65
.sty)
(/usr/share/texlive/texmf-dist/tex/latex/pgf/compatibility/pgfcomp-version-1-18
.sty)) (/usr/share/texlive/texmf-dist/tex/latex/pgf/utilities/pgffor.sty
(/usr/share/texlive/texmf-dist/tex/latex/pgf/utilities/pgfkeys.sty
(/usr/share/texlive/texmf-dist/tex/generic/pgf/utilities/pgfkeys.code.tex))
(/usr/share/texlive/texmf-dist/tex/latex/pgf/math/pgfmath.sty
(/usr/share/texlive/texmf-dist/tex/generic/pgf/math/pgfmath.code.tex))
(/usr/share/texlive/texmf-dist/tex/generic/pgf/utilities/pgffor.code.tex
(/usr/share/texlive/texmf-dist/tex/generic/pgf/math/pgfmath.code.tex)))
(/usr/share/texlive/texmf-dist/tex/generic/pgf/frontendlayer/tikz/tikz.code.tex

(/usr/share/texlive/texmf-dist/tex/generic/pgf/libraries/pgflibraryplothandlers
.code.tex)
(/usr/share/texlive/texmf-dist/tex/generic/pgf/modules/pgfmodulematrix.code.tex
)
(/usr/share/texlive/texmf-dist/tex/generic/pgf/frontendlayer/tikz/libraries/tik
zlibrarytopaths.code.tex)))
(/usr/share/texlive/texmf-dist/tex/latex/hyperref/hyperref.sty
(/usr/share/texlive/texmf-dist/tex/generic/ltxcmds/ltxcmds.sty)
(/usr/share/texlive/texmf-dist/tex/generic/iftex/iftex.sty)
(/usr/share/texlive/texmf-dist/tex/generic/pdftexcmds/pdftexcmds.sty
(/usr/share/texlive/texmf-dist/tex/generic/infwarerr/infwarerr.sty))
(/usr/share/texlive/texmf-dist/tex/generic/kvsetkeys/kvsetkeys.sty)
(/usr/share/texlive/texmf-dist/tex/generic/kvdefinekeys/kvdefinekeys.sty)
(/usr/share/texlive/texmf-dist/tex/generic/pdfescape/pdfescape.sty)
(/usr/share/texlive/texmf-dist/tex/latex/hycolor/hycolor.sty)
(/usr/share/texlive/texmf-dist/tex/latex/letltxmacro/letltxmacro.sty)
(/usr/share/texlive/texmf-dist/tex/latex/auxhook/auxhook.sty)
(/usr/share/texlive/texmf-dist/tex/latex/kvoptions/kvoptions.sty)
(/usr/share/texlive/texmf-dist/tex/latex/hyperref/pd1enc.def)
(/usr/share/texlive/texmf-dist/tex/latex/hyperref/hyperref-langpatches.def)
(/usr/share/texlive/texmf-dist/tex/generic/intcalc/intcalc.sty)
(/usr/share/texlive/texmf-dist/tex/generic/etexcmds/etexcmds.sty)
(/usr/share/texlive/texmf-dist/tex/latex/hyperref/puenc.def)
(/usr/share/texlive/texmf-dist/tex/latex/url/url.sty)
(/usr/share/texlive/texmf-dist/tex/generic/bitset/bitset.sty
(/usr/share/texlive/texmf-dist/tex/generic/bigintcalc/bigintcalc.sty))
(/usr/share/texlive/texmf-dist/tex/latex/base/atbegshi-ltx.sty))
(/usr/share/texlive/texmf-dist/tex/latex/hyperref/hxetex.def
(/usr/share/texlive/texmf-dist/tex/generic/stringenc/stringenc.sty)
(/usr/share/texlive/texmf-dist/tex/latex/rerunfilecheck/rerunfilecheck.sty
(/usr/share/texlive/texmf-dist/tex/latex/base/atveryend-ltx.sty)
(/usr/share/texlive/texmf-dist/tex/generic/uniquecounter/uniquecounter.sty)))
(/usr/share/texlive/texmf-dist/tex/latex/parskip/parskip.sty
(/usr/share/texlive/texmf-dist/tex/latex/etoolbox/etoolbox.sty))
(/usr/share/texlive/texmf-dist/tex/latex/enumitem/enumitem.sty)
(/usr/share/texlive/texmf-dist/tex/latex/hyphenat/hyphenat.sty)
(/usr/share/texlive/texmf-dist/tex/latex/geometry/geometry.sty
(/usr/share/texlive/texmf-dist/tex/generic/iftex/ifvtex.sty))) (./main.aux)
(/usr/share/texlive/texmf-dist/tex/latex/hyperref/nameref.sty
(/usr/share/texlive/texmf-dist/tex/latex/refcount/refcount.sty)
(/usr/share/texlive/texmf-dist/tex/generic/gettitlestring/gettitlestring.sty))
(./main.out) (./main.out)
*geometry* driver: auto-detecting
*geometry* detected driver: xetex
(./tailored_resume.tex
Underfull \hbox (badness 1845) in paragraph at lines 31--31
[]\TU/OpenSansLight(1)/m/n/10 Created and maintained fully automated, high-freq
uency trading systems that operate

Underfull \hbox (badness 10000) in paragraph at lines 12--33


Underfull \hbox (badness 1168) in paragraph at lines 47--47
[]\TU/OpenSansLight(1)/m/n/10 Developed a Python-based statistical analysis cou
rse for students, emphasizing applied

Underfull \hbox (badness 2635) in paragraph at lines 58--58
[]\TU/OpenSansLight(1)/m/n/10 Developed an XGBoost-based algorithm to forecast 
the flexibility of residential loads,

Underfull \hbox (badness 1946) in paragraph at lines 70--70
\TU/OpenSansLight(1)/m/n/10 development strategies of Tokyo’s built environment
 and synthesized the results in a

Underfull \hbox (badness 1675) in paragraph at lines 82--82
[]\TU/OpenSansLight(1)/m/n/10 Analyzed consumer behavior trends and designed de
scriptive and predictive modeling

Underfull \hbox (badness 10000) in paragraph at lines 36--97

[1]
Underfull \hbox (badness 10000) in paragraph at lines 98--117


Underfull \hbox (badness 10000) in paragraph at lines 118--126

[2]
! Missing } inserted.
<inserted text> 
                }
l.129 ..., Factor Graphs), Reinforcement Learning}
                                                  
! Extra }, or forgotten \endgroup.
<template> \unskip \hfil }
                          \hskip \tabcolsep \endtemplate 
l.129 ..., Factor Graphs), Reinforcement Learning}
                                                  
! Missing \endgroup inserted.
<inserted text> 
                \endgroup 
l.129 ..., Factor Graphs), Reinforcement Learning}
                                                  
! Missing } inserted.
<inserted text> 
                }
l.129 ..., Factor Graphs), Reinforcement Learning}
                                                  
! Missing \endgroup inserted.
<inserted text> 
                \endgroup 
l.129 ..., Factor Graphs), Reinforcement Learning}
                                                  
! Missing } inserted.
<inserted text> 
                }
l.129 ..., Factor Graphs), Reinforcement Learning}
                                                  
! Extra alignment tab has been changed to \cr.
<recently read> \endtemplate 
                             
l.129 ..., Factor Graphs), Reinforcement Learning}
                                                  
! Missing } inserted.
<inserted text> 
                }
l.129 ..., Factor Graphs), Reinforcement Learning}
                                                  
! Missing \cr inserted.
<inserted text> 
                \cr 
l.129 ..., Factor Graphs), Reinforcement Learning}
                                                  
! Missing \cr inserted.
<inserted text> 
                \cr 
l.129 ..., Factor Graphs), Reinforcement Learning}
                                                  
! Misplaced \cr.
<inserted text> \cr 
                    
l.129 ..., Factor Graphs), Reinforcement Learning}
                                                  
! Missing \cr inserted.
<inserted text> 
                \cr 
l.129 ..., Factor Graphs), Reinforcement Learning}
                                                  
! Misplaced \cr.
<inserted text> \cr 
                    
l.129 ..., Factor Graphs), Reinforcement Learning}
                                                  
! Missing \cr inserted.
<inserted text> 
                \cr 
l.129 ..., Factor Graphs), Reinforcement Learning}
                                                  
! Misplaced \cr.
<inserted text> \cr 
                    
l.129 ..., Factor Graphs), Reinforcement Learning}
                                                  
! Missing \cr inserted.
<inserted text> 
                \cr 
l.129 ..., Factor Graphs), Reinforcement Learning}
                                                  
! Misplaced \cr.
<inserted text> \cr 
                    
l.129 ..., Factor Graphs), Reinforcement Learning}
                                                  
! Missing \cr inserted.
<inserted text> 
                \cr 
l.129 ..., Factor Graphs), Reinforcement Learning}
                                                  
! Misplaced \cr.
<inserted text> \cr 
                    
l.129 ..., Factor Graphs), Reinforcement Learning}
                                                  
! Missing \cr inserted.
<inserted text> 
                \cr 
l.129 ..., Factor Graphs), Reinforcement Learning}
                                                  
! Misplaced \cr.
<inserted text> \cr 
                    
l.129 ..., Factor Graphs), Reinforcement Learning}
                                                  
! Missing \cr inserted.
<inserted text> 
                \cr 
l.129 ..., Factor Graphs), Reinforcement Learning}
                                                  
! Misplaced \cr.
<inserted text> \cr 
                    
l.129 ..., Factor Graphs), Reinforcement Learning}
                                                  
! Missing \cr inserted.
<inserted text> 
                \cr 
l.129 ..., Factor Graphs), Reinforcement Learning}
                                                  
! Misplaced \cr.
<inserted text> \cr 
                    
l.129 ..., Factor Graphs), Reinforcement Learning}
                                                  
! Missing \cr inserted.
<inserted text> 
                \cr 
l.129 ..., Factor Graphs), Reinforcement Learning}
                                                  
! Misplaced \cr.
<inserted text> \cr 
                    
l.129 ..., Factor Graphs), Reinforcement Learning}
                                                  
! Missing \cr inserted.
<inserted text> 
                \cr 
l.129 ..., Factor Graphs), Reinforcement Learning}
                                                  
! Misplaced \cr.
<inserted text> \cr 
                    
l.129 ..., Factor Graphs), Reinforcement Learning}
                                                  
! Missing \cr inserted.
<inserted text> 
                \cr 
l.129 ..., Factor Graphs), Reinforcement Learning}
                                                  
! Misplaced \cr.
<inserted text> \cr 
                    
l.129 ..., Factor Graphs), Reinforcement Learning}
                                                  
! Missing \cr inserted.
<inserted text> 
                \cr 
l.129 ..., Factor Graphs), Reinforcement Learning}
                                                  
! Misplaced \cr.
<inserted text> \cr 
                    
l.129 ..., Factor Graphs), Reinforcement Learning}
                                                  
! Missing \cr inserted.
<inserted text> 
                \cr 
l.129 ..., Factor Graphs), Reinforcement Learning}
                                                  
! Misplaced \cr.
<inserted text> \cr 
                    
l.129 ..., Factor Graphs), Reinforcement Learning}
                                                  
! Missing \cr inserted.
<inserted text> 
                \cr 
l.129 ..., Factor Graphs), Reinforcement Learning}
                                                  
! Misplaced \cr.
<inserted text> \cr 
                    
l.129 ..., Factor Graphs), Reinforcement Learning}
                                                  
! Missing \cr inserted.
<inserted text> 
                \cr 
l.129 ..., Factor Graphs), Reinforcement Learning}
                                                  
! Misplaced \cr.
<inserted text> \cr 
                    
l.129 ..., Factor Graphs), Reinforcement Learning}
                                                  
! Missing \cr inserted.
<inserted text> 
                \cr 
l.129 ..., Factor Graphs), Reinforcement Learning}
                                                  
! Misplaced \cr.
<inserted text> \cr 
                    
l.129 ..., Factor Graphs), Reinforcement Learning}
                                                  
! Missing \cr inserted.
<inserted text> 
                \cr 
l.129 ..., Factor Graphs), Reinforcement Learning}
                                                  
! Misplaced \cr.
<inserted text> \cr 
                    
l.129 ..., Factor Graphs), Reinforcement Learning}
                                                  
! Missing \cr inserted.
<inserted text> 
                \cr 
l.129 ..., Factor Graphs), Reinforcement Learning}
                                                  
! Misplaced \cr.
<inserted text> \cr 
                    
l.129 ..., Factor Graphs), Reinforcement Learning}
                                                  
! Missing \cr inserted.
<inserted text> 
                \cr 
l.129 ..., Factor Graphs), Reinforcement Learning}
                                                  
! Misplaced \cr.
<inserted text> \cr 
                    
l.129 ..., Factor Graphs), Reinforcement Learning}
                                                  
! Missing \cr inserted.
<inserted text> 
                \cr 
l.129 ..., Factor Graphs), Reinforcement Learning}
                                                  
! Misplaced \cr.
<inserted text> \cr 
                    
l.129 ..., Factor Graphs), Reinforcement Learning}
                                                  
! Missing \cr inserted.
<inserted text> 
                \cr 
l.129 ..., Factor Graphs), Reinforcement Learning}
                                                  
! Misplaced \cr.
<inserted text> \cr 
                    
l.129 ..., Factor Graphs), Reinforcement Learning}
                                                  
! Missing \cr inserted.
<inserted text> 
                \cr 
l.129 ..., Factor Graphs), Reinforcement Learning}
                                                  
! Misplaced \cr.
<inserted text> \cr 
                    
l.129 ..., Factor Graphs), Reinforcement Learning}
                                                  
! Missing \cr inserted.
<inserted text> 
                \cr 
l.129 ..., Factor Graphs), Reinforcement Learning}
                                                  
! Misplaced \cr.
<inserted text> \cr 
                    
l.129 ..., Factor Graphs), Reinforcement Learning}
                                                  
! Missing \cr inserted.
<inserted text> 
                \cr 
l.129 ..., Factor Graphs), Reinforcement Learning}
                                                  
! Misplaced \cr.
<inserted text> \cr 
                    
l.129 ..., Factor Graphs), Reinforcement Learning}
                                                  
! Missing \cr inserted.
<inserted text> 
                \cr 
l.129 ..., Factor Graphs), Reinforcement Learning}
                                                  
! Misplaced \cr.
<inserted text> \cr 
                    
l.129 ..., Factor Graphs), Reinforcement Learning}
                                                  
! Missing \cr inserted.
<inserted text> 
                \cr 
l.129 ..., Factor Graphs), Reinforcement Learning}
                                                  
! Misplaced \cr.
<inserted text> \cr 
                    
l.129 ..., Factor Graphs), Reinforcement Learning}
                                                  
! Missing \cr inserted.
<inserted text> 
                \cr 
l.129 ..., Factor Graphs), Reinforcement Learning}
                                                  
! Misplaced \cr.
<inserted text> \cr 
                    
l.129 ..., Factor Graphs), Reinforcement Learning}
                                                  
! Missing \cr inserted.
<inserted text> 
                \cr 
l.129 ..., Factor Graphs), Reinforcement Learning}
                                                  
! Misplaced \cr.
<inserted text> \cr 
                    
l.129 ..., Factor Graphs), Reinforcement Learning}
                                                  
! Missing \cr inserted.
<inserted text> 
                \cr 
l.129 ..., Factor Graphs), Reinforcement Learning}
                                                  
! Misplaced \cr.
<inserted text> \cr 
                    
l.129 ..., Factor Graphs), Reinforcement Learning}
                                                  
! Missing \cr inserted.
<inserted text> 
                \cr 
l.129 ..., Factor Graphs), Reinforcement Learning}
                                                  
! Misplaced \cr.
<inserted text> \cr 
                    
l.129 ..., Factor Graphs), Reinforcement Learning}
                                                  
! Missing \cr inserted.
<inserted text> 
                \cr 
l.129 ..., Factor Graphs), Reinforcement Learning}
                                                  
! Misplaced \cr.
<inserted text> \cr 
                    
l.129 ..., Factor Graphs), Reinforcement Learning}
                                                  
! Missing \cr inserted.
<inserted text> 
                \cr 
l.129 ..., Factor Graphs), Reinforcement Learning}
                                                  
! Misplaced \cr.
<inserted text> \cr 
                    
l.129 ..., Factor Graphs), Reinforcement Learning}
                                                  
! Missing \cr inserted.
<inserted text> 
                \cr 
l.129 ..., Factor Graphs), Reinforcement Learning}
                                                  
! Misplaced \cr.
<inserted text> \cr 
                    
l.129 ..., Factor Graphs), Reinforcement Learning}
                                                  
! Missing \cr inserted.
<inserted text> 
                \cr 
l.129 ..., Factor Graphs), Reinforcement Learning}
                                                  
! Misplaced \cr.
<inserted text> \cr 
                    
l.129 ..., Factor Graphs), Reinforcement Learning}
                                                  
! Missing \cr inserted.
<inserted text> 
                \cr 
l.129 ..., Factor Graphs), Reinforcement Learning}
                                                  
! Misplaced \cr.
<inserted text> \cr 
                    
l.129 ..., Factor Graphs), Reinforcement Learning}
                                                  
! Missing \cr inserted.
<inserted text> 
                \cr 
l.129 ..., Factor Graphs), Reinforcement Learning}
                                                  
! Misplaced \cr.
<inserted text> \cr 
                    
l.129 ..., Factor Graphs), Reinforcement Learning}
                                                  
! Missing \cr inserted.
<inserted text> 
                \cr 
l.129 ..., Factor Graphs), Reinforcement Learning}
                                                  
! Misplaced \cr.
<inserted text> \cr 
                    
l.129 ..., Factor Graphs), Reinforcement Learning}
                                                  
! Missing \cr inserted.
<inserted text> 
                \cr 
l.129 ..., Factor Graphs), Reinforcement Learning}
                                                  
! Misplaced \cr.
<inserted text> \cr 
                    
l.129 ..., Factor Graphs), Reinforcement Learning}
                                                  
! Missing \cr inserted.
<inserted text> 
                \cr 
l.129 ..., Factor Graphs), Reinforcement Learning}
                                                  
! Misplaced \cr.
<inserted text> \cr 
                    
l.129 ..., Factor Graphs), Reinforcement Learning}
                                                  
! Missing \cr inserted.
<inserted text> 
                \cr 
l.129 ..., Factor Graphs), Reinforcement Learning}
                                                  
! Misplaced \cr.
<inserted text> \cr 
                    
l.129 ..., Factor Graphs), Reinforcement Learning}
                                                  
! Missing \cr inserted.
<inserted text> 
                \cr 
l.129 ..., Factor Graphs), Reinforcement Learning}
                                                  
! Misplaced \cr.
<inserted text> \cr 
                    
l.129 ..., Factor Graphs), Reinforcement Learning}
                                                  
! Missing \cr inserted.
<inserted text> 
                \cr 
l.129 ..., Factor Graphs), Reinforcement Learning}
                                                  
! Misplaced \cr.
<inserted text> \cr 
                    
l.129 ..., Factor Graphs), Reinforcement Learning}
                                                  
! Missing \cr inserted.
<inserted text> 
                \cr 
l.129 ..., Factor Graphs), Reinforcement Learning}
                                                  
! Misplaced \cr.
<inserted text> \cr 
                    
l.129 ..., Factor Graphs), Reinforcement Learning}
                                                  
! Missing \cr inserted.
<inserted text> 
                \cr 
l.129 ..., Factor Graphs), Reinforcement Learning}
                                                  
! Misplaced \cr.
<inserted text> \cr 
                    
l.129 ..., Factor Graphs), Reinforcement Learning}
                                                  
! Missing \cr inserted.
<inserted text> 
                \cr 
l.129 ..., Factor Graphs), Reinforcement Learning}
                                                  
! Misplaced \cr.
<inserted text> \cr 
                    
l.129 ..., Factor Graphs), Reinforcement Learning}
                                                  
! Missing \cr inserted.
<inserted text> 
                \cr 
l.129 ..., Factor Graphs), Reinforcement Learning}
                                                  
! Misplaced \cr.
<inserted text> \cr 
                    
l.129 ..., Factor Graphs), Reinforcement Learning}
                                                  
! Missing \cr inserted.
<inserted text> 
                \cr 
l.129 ..., Factor Graphs), Reinforcement Learning}
                                                  
! Misplaced \cr.
<inserted text> \cr 
                    
l.129 ..., Factor Graphs), Reinforcement Learning}
                                                  
! Missing \cr inserted.
<inserted text> 
                \cr 
l.129 ..., Factor Graphs), Reinforcement Learning}
                                                  
(That makes 100 errors; please try again.)
Output written on main.pdf (2 pages).
Transcript written on main.log.

--- STDERR ---
